# JRE version: OpenJDK Runtime Environment (8.0_112) (build 1.8.0_112-release-736)
# Java VM: OpenJDK 64-Bit Server VM (25.112-b736 mixed mode windows-amd64 compressed oops)
Heap:
 PSYoungGen      total 458752K, used 458307K [0x00000000e0000000, 0x0000000100000000, 0x0000000100000000)
  eden space 398336K, 99% used [0x00000000e0000000,0x00000000f84e02c0,0x00000000f8500000)
  from space 60416K, 99% used [0x00000000f8500000,0x00000000fbfb0ab0,0x00000000fc000000)
  to   space 65536K, 6% used [0x00000000fc000000,0x00000000fc3eb9d8,0x0000000100000000)
 ParOldGen       total 291328K, used 194018K [0x00000000a0000000, 0x00000000b1c80000, 0x00000000e0000000)
  object space 291328K, 66% used [0x00000000a0000000,0x00000000abd80a08,0x00000000b1c80000)
 Metaspace       used 85053K, capacity 88984K, committed 89176K, reserved 1126400K
  class space    used 10737K, capacity 11634K, committed 11648K, reserved 1048576K
GC Heap History (10 events):
Event: 518.443 GC heap before
{Heap before GC invocations=28 (full 4):
 PSYoungGen      total 480768K, used 442822K [0x00000000e0000000, 0x00000000fff00000, 0x0000000100000000)
  eden space 438784K, 100% used [0x00000000e0000000,0x00000000fac80000,0x00000000fac80000)
  from space 41984K, 9% used [0x00000000fac80000,0x00000000fb071828,0x00000000fd580000)
  to   space 41472K, 0% used [0x00000000fd680000,0x00000000fd680000,0x00000000fff00000)
 ParOldGen       total 171520K, used 147236K [0x00000000a0000000, 0x00000000aa780000, 0x00000000e0000000)
  object space 171520K, 85% used [0x00000000a0000000,0x00000000a8fc9120,0x00000000aa780000)
 Metaspace       used 85063K, capacity 89060K, committed 89176K, reserved 1126400K
  class space    used 10745K, capacity 11648K, committed 11648K, reserved 1048576K
Event: 518.455 GC heap after
Heap after GC invocations=28 (full 4):
 PSYoungGen      total 480768K, used 8039K [0x00000000e0000000, 0x00000000ffd80000, 0x0000000100000000)
  eden space 440832K, 0% used [0x00000000e0000000,0x00000000e0000000,0x00000000fae80000)
  from space 39936K, 20% used [0x00000000fd680000,0x00000000fde59da8,0x00000000ffd80000)
  to   space 40448K, 0% used [0x00000000fae80000,0x00000000fae80000,0x00000000fd600000)
 ParOldGen       total 171520K, used 150884K [0x00000000a0000000, 0x00000000aa780000, 0x00000000e0000000)
  object space 171520K, 87% used [0x00000000a0000000,0x00000000a93590b8,0x00000000aa780000)
 Metaspace       used 85063K, capacity 89060K, committed 89176K, reserved 1126400K
  class space    used 10745K, capacity 11648K, committed 11648K, reserved 1048576K
}
Event: 518.897 GC heap before
{Heap before GC invocations=29 (full 4):
 PSYoungGen      total 480768K, used 448831K [0x00000000e0000000, 0x00000000ffd80000, 0x0000000100000000)
  eden space 440832K, 99% used [0x00000000e0000000,0x00000000fae76060,0x00000000fae80000)
  from space 39936K, 20% used [0x00000000fd680000,0x00000000fde59da8,0x00000000ffd80000)
  to   space 40448K, 0% used [0x00000000fae80000,0x00000000fae80000,0x00000000fd600000)
 ParOldGen       total 171520K, used 150884K [0x00000000a0000000, 0x00000000aa780000, 0x00000000e0000000)
  object space 171520K, 87% used [0x00000000a0000000,0x00000000a93590b8,0x00000000aa780000)
 Metaspace       used 85066K, capacity 89060K, committed 89176K, reserved 1126400K
  class space    used 10745K, capacity 11648K, committed 11648K, reserved 1048576K
Event: 518.910 GC heap after
Heap after GC invocations=29 (full 4):
 PSYoungGen      total 481280K, used 15837K [0x00000000e0000000, 0x00000000ffc80000, 0x0000000100000000)
  eden space 440832K, 0% used [0x00000000e0000000,0x00000000e0000000,0x00000000fae80000)
  from space 40448K, 39% used [0x00000000fae80000,0x00000000fbdf7460,0x00000000fd600000)
  to   space 38400K, 0% used [0x00000000fd700000,0x00000000fd700000,0x00000000ffc80000)
 ParOldGen       total 171520K, used 154491K [0x00000000a0000000, 0x00000000aa780000, 0x00000000e0000000)
  object space 171520K, 90% used [0x00000000a0000000,0x00000000a96defb8,0x00000000aa780000)
 Metaspace       used 85066K, capacity 89060K, committed 89176K, reserved 1126400K
  class space    used 10745K, capacity 11648K, committed 11648K, reserved 1048576K
}
Event: 519.522 GC heap before
{Heap before GC invocations=30 (full 4):
 PSYoungGen      total 481280K, used 456669K [0x00000000e0000000, 0x00000000ffc80000, 0x0000000100000000)
  eden space 440832K, 100% used [0x00000000e0000000,0x00000000fae80000,0x00000000fae80000)
  from space 40448K, 39% used [0x00000000fae80000,0x00000000fbdf7460,0x00000000fd600000)
  to   space 38400K, 0% used [0x00000000fd700000,0x00000000fd700000,0x00000000ffc80000)
 ParOldGen       total 171520K, used 154491K [0x00000000a0000000, 0x00000000aa780000, 0x00000000e0000000)
  object space 171520K, 90% used [0x00000000a0000000,0x00000000a96defb8,0x00000000aa780000)
 Metaspace       used 85070K, capacity 89060K, committed 89176K, reserved 1126400K
  class space    used 10745K, capacity 11648K, committed 11648K, reserved 1048576K
Event: 519.575 GC heap after
Heap after GC invocations=30 (full 4):
 PSYoungGen      total 436736K, used 38369K [0x00000000e0000000, 0x0000000100000000, 0x0000000100000000)
  eden space 398336K, 0% used [0x00000000e0000000,0x00000000e0000000,0x00000000f8500000)
  from space 38400K, 99% used [0x00000000fd700000,0x00000000ffc786d0,0x00000000ffc80000)
  to   space 62976K, 0% used [0x00000000f8500000,0x00000000f8500000,0x00000000fc280000)
 ParOldGen       total 205824K, used 204399K [0x00000000a0000000, 0x00000000ac900000, 0x00000000e0000000)
  object space 205824K, 99% used [0x00000000a0000000,0x00000000ac79bd88,0x00000000ac900000)
 Metaspace       used 85070K, capacity 89060K, committed 89176K, reserved 1126400K
  class space    used 10745K, capacity 11648K, committed 11648K, reserved 1048576K
}
Event: 519.575 GC heap before
{Heap before GC invocations=31 (full 5):
 PSYoungGen      total 436736K, used 38369K [0x00000000e0000000, 0x0000000100000000, 0x0000000100000000)
  eden space 398336K, 0% used [0x00000000e0000000,0x00000000e0000000,0x00000000f8500000)
  from space 38400K, 99% used [0x00000000fd700000,0x00000000ffc786d0,0x00000000ffc80000)
  to   space 62976K, 0% used [0x00000000f8500000,0x00000000f8500000,0x00000000fc280000)
 ParOldGen       total 205824K, used 204399K [0x00000000a0000000, 0x00000000ac900000, 0x00000000e0000000)
  object space 205824K, 99% used [0x00000000a0000000,0x00000000ac79bd88,0x00000000ac900000)
 Metaspace       used 85070K, capacity 89060K, committed 89176K, reserved 1126400K
  class space    used 10745K, capacity 11648K, committed 11648K, reserved 1048576K
Event: 519.892 GC heap after
Heap after GC invocations=31 (full 5):
 PSYoungGen      total 436736K, used 0K [0x00000000e0000000, 0x0000000100000000, 0x0000000100000000)
  eden space 398336K, 0% used [0x00000000e0000000,0x00000000e0000000,0x00000000f8500000)
  from space 38400K, 0% used [0x00000000fd700000,0x00000000fd700000,0x00000000ffc80000)
  to   space 62976K, 0% used [0x00000000f8500000,0x00000000f8500000,0x00000000fc280000)
 ParOldGen       total 291328K, used 185180K [0x00000000a0000000, 0x00000000b1c80000, 0x00000000e0000000)
  object space 291328K, 63% used [0x00000000a0000000,0x00000000ab4d7140,0x00000000b1c80000)
 Metaspace       used 85046K, capacity 88984K, committed 89176K, reserved 1126400K
  class space    used 10737K, capacity 11634K, committed 11648K, reserved 1048576K
}
Event: 520.231 GC heap before
{Heap before GC invocations=32 (full 5):
 PSYoungGen      total 436736K, used 398336K [0x00000000e0000000, 0x0000000100000000, 0x0000000100000000)
  eden space 398336K, 100% used [0x00000000e0000000,0x00000000f8500000,0x00000000f8500000)
  from space 38400K, 0% used [0x00000000fd700000,0x00000000fd700000,0x00000000ffc80000)
  to   space 62976K, 0% used [0x00000000f8500000,0x00000000f8500000,0x00000000fc280000)
 ParOldGen       total 291328K, used 185180K [0x00000000a0000000, 0x00000000b1c80000, 0x00000000e0000000)
  object space 291328K, 63% used [0x00000000a0000000,0x00000000ab4d7140,0x00000000b1c80000)
 Metaspace       used 85051K, capacity 88984K, committed 89176K, reserved 1126400K
  class space    used 10737K, capacity 11634K, committed 11648K, reserved 1048576K
Event: 520.266 GC heap after
Heap after GC invocations=32 (full 5):
 PSYoungGen      total 458752K, used 60098K [0x00000000e0000000, 0x0000000100000000, 0x0000000100000000)
  eden space 398336K, 0% used [0x00000000e0000000,0x00000000e0000000,0x00000000f8500000)
  from space 60416K, 99% used [0x00000000f8500000,0x00000000fbfb0ab0,0x00000000fc000000)
  to   space 65536K, 0% used [0x00000000fc000000,0x00000000fc000000,0x0000000100000000)
 ParOldGen       total 291328K, used 185180K [0x00000000a0000000, 0x00000000b1c80000, 0x00000000e0000000)
  object space 291328K, 63% used [0x00000000a0000000,0x00000000ab4d7140,0x00000000b1c80000)
 Metaspace       used 85051K, capacity 88984K, committed 89176K, reserved 1126400K
  class space    used 10737K, capacity 11634K, committed 11648K, reserved 1048576K
}

